<?xml version="1.0" encoding="UTF-8"?>
<testsuite xmlns:xsi="http://www.w3.org/2001/XMLSchema-instance" xsi:noNamespaceSchemaLocation="https://maven.apache.org/surefire/maven-surefire-plugin/xsd/surefire-test-report-3.0.xsd" version="3.0" name="dk.ku.di.oodcr.parser.DCRGraphGrammarParserTest" time="0.144" tests="24" errors="0" skipped="0" failures="0">
  <properties>
[...]
</properties>
  <testcase name="responses" classname="dk.ku.di.oodcr.parser.DCRGraphGrammarParserTest" time="0.074"/>
  <testcase name="relationshipsSizeTenTest" classname="dk.ku.di.oodcr.parser.DCRGraphGrammarParserTest" time="0.006"/>
  <testcase name="relationshipsSizeOneTest" classname="dk.ku.di.oodcr.parser.DCRGraphGrammarParserTest" time="0"/>
  <testcase name="graphTest" classname="dk.ku.di.oodcr.parser.DCRGraphGrammarParserTest" time="0.007"/>
  <testcase name="conditions" classname="dk.ku.di.oodcr.parser.DCRGraphGrammarParserTest" time="0.002"/>
  <testcase name="sizeOneGraphTest" classname="dk.ku.di.oodcr.parser.DCRGraphGrammarParserTest" time="0.001"/>
  <testcase name="eventNameTest" classname="dk.ku.di.oodcr.parser.DCRGraphGrammarParserTest" time="0"/>
  <testcase name="relationshipsSizeFiveTest" classname="dk.ku.di.oodcr.parser.DCRGraphGrammarParserTest" time="0.001"/>
  <testcase name="includes" classname="dk.ku.di.oodcr.parser.DCRGraphGrammarParserTest" time="0"/>
  <testcase name="eventMarkingsTest000" classname="dk.ku.di.oodcr.parser.DCRGraphGrammarParserTest" time="0"/>
  <testcase name="eventMarkingsTest001" classname="dk.ku.di.oodcr.parser.DCRGraphGrammarParserTest" time="0"/>
  <testcase name="eventMarkingsTest010" classname="dk.ku.di.oodcr.parser.DCRGraphGrammarParserTest" time="0.001"/>
  <testcase name="eventMarkingsTest011" classname="dk.ku.di.oodcr.parser.DCRGraphGrammarParserTest" time="0"/>
  <testcase name="eventMarkingsTest100" classname="dk.ku.di.oodcr.parser.DCRGraphGrammarParserTest" time="0.001"/>
  <testcase name="eventMarkingsTest101" classname="dk.ku.di.oodcr.parser.DCRGraphGrammarParserTest" time="0.001"/>
  <testcase name="eventMarkingsTest110" classname="dk.ku.di.oodcr.parser.DCRGraphGrammarParserTest" time="0"/>
  <testcase name="eventMarkingsTest111" classname="dk.ku.di.oodcr.parser.DCRGraphGrammarParserTest" time="0.001"/>
  <testcase name="eventLabelTest" classname="dk.ku.di.oodcr.parser.DCRGraphGrammarParserTest" time="0.001"/>
  <testcase name="emptyGraphTest" classname="dk.ku.di.oodcr.parser.DCRGraphGrammarParserTest" time="0.001"/>
  <testcase name="relationshipsSizeZeroTest" classname="dk.ku.di.oodcr.parser.DCRGraphGrammarParserTest" time="0"/>
  <testcase name="sizeFiveGraphTest" classname="dk.ku.di.oodcr.parser.DCRGraphGrammarParserTest" time="0.003"/>
  <testcase name="milestones" classname="dk.ku.di.oodcr.parser.DCRGraphGrammarParserTest" time="0.001"/>
  <testcase name="sizeTenGraphTest" classname="dk.ku.di.oodcr.parser.DCRGraphGrammarParserTest" time="0.002"/>
  <testcase name="excludes" classname="dk.ku.di.oodcr.parser.DCRGraphGrammarParserTest" time="0.002"/>
</testsuite>